<?xml version="1.0" encoding="UTF-8"?>
<!-- Generated by org.testng.reporters.JUnitReportReporter -->
<testsuite skipped="0" hostname="II5WS0914-39" name="SampleTest" tests="2" failures="0" timestamp="3 Nov 2016 09:22:33 GMT" time="0.002" errors="0">
  <testcase name="testApp1" time="0.001" classname="SampleTest"/>
  <testcase name="testLogin1" time="0.001" classname="SampleTest"/>
</testsuite> <!-- SampleTest -->
